[debug] [2026-04-04T03:05:55.236Z] ----------------------------------------------------------------------
[debug] [2026-04-04T03:05:55.244Z] Command:       C:\Program Files\nodejs\node.exe C:\Users\Batrisyia Afrina\AppData\Roaming\npm\node_modules\firebase-tools\lib\bin\firebase.js init
[debug] [2026-04-04T03:05:55.245Z] CLI Version:   15.13.0
[debug] [2026-04-04T03:05:55.245Z] Platform:      win32
[debug] [2026-04-04T03:05:55.246Z] Node Version:  v22.21.1
[debug] [2026-04-04T03:05:55.247Z] Time:          Sat Apr 04 2026 11:05:55 GMT+0800 (Malaysia Time)
[debug] [2026-04-04T03:05:55.247Z] ----------------------------------------------------------------------
[debug] 
[info] 
     ######## #### ########  ######## ########     ###     ######  ########
     ##        ##  ##     ## ##       ##     ##  ##   ##  ##       ##
     ######    ##  ########  ######   ########  #########  ######  ######
     ##        ##  ##    ##  ##       ##     ## ##     ##       ## ##
     ##       #### ##     ## ######## ########  ##     ##  ######  ########

You're about to initialize a Firebase project in this directory:

  C:\Users\Batrisyia Afrina\PadiGuard-AI-Project2030

[debug] [2026-04-04T03:27:14.766Z] ----------------------------------------------------------------------
[debug] [2026-04-04T03:27:14.782Z] Command:       C:\Program Files\nodejs\node.exe C:\Users\Batrisyia Afrina\AppData\Roaming\npm\node_modules\firebase-tools\lib\bin\firebase.js init
[debug] [2026-04-04T03:27:14.783Z] CLI Version:   15.13.0
[debug] [2026-04-04T03:27:14.783Z] Platform:      win32
[debug] [2026-04-04T03:27:14.783Z] Node Version:  v24.14.1
[debug] [2026-04-04T03:27:14.783Z] Time:          Sat Apr 04 2026 11:27:14 GMT+0800 (Malaysia Time)
[debug] [2026-04-04T03:27:14.783Z] ----------------------------------------------------------------------
[debug] 
[info] 
     ######## #### ########  ######## ########     ###     ######  ########
     ##        ##  ##     ## ##       ##     ##  ##   ##  ##       ##
     ######    ##  ########  ######   ########  #########  ######  ######
     ##        ##  ##    ##  ##       ##     ## ##     ##       ## ##
     ##       #### ##     ## ######## ########  ##     ##  ######  ########

You're about to initialize a Firebase project in this directory:

  C:\Users\Batrisyia Afrina\PadiGuard-AI-Project2030

